<?xml version="1.0" encoding="UTF-8"?>
<testsuite name="Run on Chrome"
           tests="6"
           failures="0"
           errors="0"
           skipped="0"
           time="14.437">
  <properties />
  
  
            <testcase name="Login_03_Not_Registered_Email" time="0.678" classname="com.nopcommerce.user.User_02_Login" />
                <testcase name="Login_05_Wrong_Password" time="1.543" classname="com.nopcommerce.user.User_02_Login" />
                <testcase name="Login_02_Invalid_Email" time="9.518" classname="com.nopcommerce.user.User_02_Login" />
                <testcase name="Login_06_Valid_Data" time="1.865" classname="com.nopcommerce.user.User_02_Login" />
                <testcase name="Login_04_No_Password" time="0.679" classname="com.nopcommerce.user.User_02_Login" />
                <testcase name="Login_01_Empty_Data" time="0.154" classname="com.nopcommerce.user.User_02_Login" />
      
</testsuite>
